[11Jul2024 00:00:09.482] [Server thread/INFO] [APTweaks(Core)/]: [APTweaks:Core] ↓ Server load changed from LOW (avg. 23.52781867980957) to VERY_LOW (avg. 15.119196891784668)
[11Jul2024 00:00:46.982] [Server thread/INFO] [APTweaks(Core)/]: [APTweaks:Core] ↑ Server load changed from VERY_LOW (avg. 15.479764938354492) to LOW (avg. 21.572494506835938)
[11Jul2024 00:00:51.501] [Server thread/INFO] [net.minecraft.world.entity.npc.Villager/]: Villager Villager['Unemployed'/52951, l='ServerLevel[world]', x=3325.66, y=71.18, z=-894.07] died, message: 'Unemployed bled to death'
[11Jul2024 00:01:02.353] [Server thread/INFO] [net.minecraft.world.entity.npc.Villager/]: Villager Villager['Nitwit'/52923, l='ServerLevel[world]', x=3314.53, y=71.00, z=-935.47] died, message: 'Nitwit was shot by Alphabeath'
[11Jul2024 00:01:09.295] [Server thread/INFO] [net.minecraft.world.entity.npc.Villager/]: Villager Villager['Unemployed'/52892, l='ServerLevel[world]', x=3284.99, y=69.00, z=-938.24] died, message: 'Unemployed bled to death'
[11Jul2024 00:01:09.504] [Server thread/INFO] [net.minecraft.world.entity.npc.Villager/]: Villager Villager['Unemployed'/52962, l='ServerLevel[world]', x=3372.70, y=55.42, z=-919.49] died, message: 'Unemployed was shot by Skeleton'
[11Jul2024 00:01:17.051] [Server thread/INFO] [net.minecraft.world.entity.npc.Villager/]: Villager Villager['Unemployed'/52964, l='ServerLevel[world]', x=3358.95, y=55.00, z=-917.50] died, message: 'Unemployed was shot by Skeleton'
[11Jul2024 00:04:17.008] [Server thread/WARN] [net.minecraft.world.level.storage.loot.functions.SmeltItemFunction/]: Couldn't smelt 5 bison_fur because there is no smelting recipe
[11Jul2024 00:04:20.561] [Server thread/WARN] [net.minecraft.world.level.storage.loot.functions.SmeltItemFunction/]: Couldn't smelt 2 bison_fur because there is no smelting recipe
[11Jul2024 00:04:22.106] [Server thread/WARN] [net.minecraft.world.level.storage.loot.functions.SmeltItemFunction/]: Couldn't smelt 4 bison_fur because there is no smelting recipe
[11Jul2024 00:04:25.711] [Server thread/WARN] [net.minecraft.world.level.storage.loot.functions.SmeltItemFunction/]: Couldn't smelt 4 bison_fur because there is no smelting recipe
[11Jul2024 00:05:33.352] [Server thread/INFO] [net.minecraft.world.entity.npc.Villager/]: Villager Villager['Unemployed'/52961, l='ServerLevel[world]', x=3305.90, y=60.00, z=-951.68] died, message: 'Unemployed was slain by Spider'
[11Jul2024 00:05:57.509] [Server thread/WARN] [net.minecraft.world.level.storage.loot.functions.SmeltItemFunction/]: Couldn't smelt 3 bison_fur because there is no smelting recipe
[11Jul2024 00:06:18.232] [Server thread/INFO] [APTweaks(Core)/]: [APTweaks:Core] ↑ Level load for minecraft:overworld changed from LOW (avg. 31.230141670000002) to NORMAL (avg. 35.25741654)
[11Jul2024 00:06:29.308] [Server thread/INFO] [net.minecraft.world.entity.npc.Villager/]: Villager Villager['Unemployed'/57394, l='ServerLevel[world]', x=3300.52, y=69.00, z=-1309.87] died, message: 'Unemployed bled to death'
[11Jul2024 00:06:29.309] [Server thread/INFO] [net.minecraft.world.entity.npc.Villager/]: Villager Villager['Unemployed'/57394, l='ServerLevel[world]', x=3300.52, y=69.00, z=-1309.87] died, message: 'Unemployed was shot by Alphabeath'
[11Jul2024 00:06:52.711] [Server thread/INFO] [net.minecraft.world.entity.npc.Villager/]: Villager Villager['Cleric'/57397, l='ServerLevel[world]', x=3299.66, y=66.50, z=-1292.76] died, message: 'Cleric bled to death'
[11Jul2024 00:06:52.712] [Server thread/INFO] [net.minecraft.world.entity.npc.Villager/]: Villager Villager['Cleric'/57397, l='ServerLevel[world]', x=3299.66, y=66.50, z=-1292.76] died, message: 'Cleric was shot by Alphabeath'
[11Jul2024 00:07:02.459] [Server thread/INFO] [net.minecraft.world.entity.npc.Villager/]: Villager Villager['Unemployed'/57277, l='ServerLevel[world]', x=3258.71, y=64.00, z=-1270.71] died, message: 'Unemployed was shot by Alphabeath'
[11Jul2024 00:07:10.814] [Server thread/INFO] [net.minecraft.world.entity.npc.Villager/]: Villager Villager['Unemployed'/57301, l='ServerLevel[world]', x=3275.78, y=64.00, z=-1263.85] died, message: 'Unemployed was shot by Alphabeath'
[11Jul2024 00:07:10.864] [Server thread/INFO] [net.minecraft.world.entity.npc.Villager/]: Villager Villager['Unemployed'/57300, l='ServerLevel[world]', x=3275.46, y=64.00, z=-1262.57] died, message: 'Unemployed was shot by Alphabeath'
[11Jul2024 00:07:16.988] [Server thread/INFO] [APTweaks(Core)/]: [APTweaks:Core] ↑ Server load changed from LOW (avg. 26.725549697875977) to NORMAL (avg. 40.1309814453125)
[11Jul2024 00:07:19.667] [Server thread/INFO] [net.minecraft.world.entity.npc.Villager/]: Villager Villager['Unemployed'/57298, l='ServerLevel[world]', x=3268.23, y=64.00, z=-1256.79] died, message: 'Unemployed was shot by Alphabeath'
[11Jul2024 00:07:19.669] [Server thread/INFO] [net.minecraft.world.entity.npc.Villager/]: Villager Villager['Nitwit'/57276, l='ServerLevel[world]', x=3268.80, y=64.00, z=-1256.07] died, message: 'Nitwit bled to death'
[11Jul2024 00:07:19.670] [Server thread/INFO] [net.minecraft.world.entity.npc.Villager/]: Villager Villager['Nitwit'/57276, l='ServerLevel[world]', x=3268.80, y=64.00, z=-1256.07] died, message: 'Nitwit was shot by Alphabeath'
[11Jul2024 00:07:21.709] [Server thread/INFO] [net.minecraft.world.entity.npc.Villager/]: Villager Villager['Nitwit'/57269, l='ServerLevel[world]', x=3270.54, y=64.00, z=-1268.65] died, message: 'Nitwit bled to death'
[11Jul2024 00:07:21.710] [Server thread/INFO] [net.minecraft.world.entity.npc.Villager/]: Villager Villager['Nitwit'/57269, l='ServerLevel[world]', x=3270.54, y=64.00, z=-1268.65] died, message: 'Nitwit was shot by Alphabeath'
[11Jul2024 00:07:24.482] [Server thread/INFO] [APTweaks(Core)/]: [APTweaks:Core] ↓ Server load changed from NORMAL (avg. 40.1309814453125) to LOW (avg. 30.127315521240234)
[11Jul2024 00:09:09.482] [Server thread/INFO] [APTweaks(Core)/]: [APTweaks:Core] ↓ Server load changed from LOW (avg. 22.014665603637695) to VERY_LOW (avg. 17.969181060791016)
[11Jul2024 00:10:16.982] [Server thread/INFO] [APTweaks(Core)/]: [APTweaks:Core] ↑ Server load changed from VERY_LOW (avg. 17.50550651550293) to LOW (avg. 20.723060607910156)
[11Jul2024 00:10:39.482] [Server thread/INFO] [APTweaks(Core)/]: [APTweaks:Core] ↓ Server load changed from LOW (avg. 21.05744743347168) to VERY_LOW (avg. 19.18023109436035)
[11Jul2024 00:10:46.982] [Server thread/INFO] [APTweaks(Core)/]: [APTweaks:Core] ↑ Server load changed from VERY_LOW (avg. 19.18023109436035) to LOW (avg. 21.825834274291992)
[11Jul2024 00:10:58.556] [Server thread/INFO] [net.minecraft.world.entity.npc.Villager/]: Villager Villager['Unemployed'/62564, l='ServerLevel[world]', x=3373.70, y=56.00, z=-919.58] died, message: 'Unemployed was slain by Spider'
[11Jul2024 00:11:07.803] [Server thread/WARN] [net.minecraft.world.level.storage.loot.functions.SmeltItemFunction/]: Couldn't smelt 1 bison_fur because there is no smelting recipe
[11Jul2024 00:11:09.482] [Server thread/INFO] [APTweaks(Core)/]: [APTweaks:Core] ↓ Server load changed from LOW (avg. 25.766326904296875) to VERY_LOW (avg. 17.8441162109375)
[11Jul2024 00:11:16.988] [Server thread/INFO] [APTweaks(Core)/]: [APTweaks:Core] ↑ Server load changed from VERY_LOW (avg. 17.8441162109375) to LOW (avg. 27.161449432373047)
[11Jul2024 00:11:54.482] [Server thread/INFO] [APTweaks(Core)/]: [APTweaks:Core] ↓ Server load changed from LOW (avg. 20.61101722717285) to VERY_LOW (avg. 18.738027572631836)
[11Jul2024 00:12:09.482] [Server thread/INFO] [APTweaks(Core)/]: [APTweaks:Core] ↑ Server load changed from VERY_LOW (avg. 18.738027572631836) to LOW (avg. 20.440589904785156)
[11Jul2024 00:12:16.982] [Server thread/INFO] [APTweaks(Core)/]: [APTweaks:Core] ↓ Server load changed from LOW (avg. 20.440589904785156) to VERY_LOW (avg. 18.903854370117188)
[11Jul2024 00:12:31.982] [Server thread/INFO] [APTweaks(Core)/]: [APTweaks:Core] ↑ Server load changed from VERY_LOW (avg. 18.903854370117188) to LOW (avg. 22.21428680419922)
[11Jul2024 00:13:01.982] [Server thread/INFO] [APTweaks(Core)/]: [APTweaks:Core] ↓ Server load changed from LOW (avg. 21.580947875976562) to VERY_LOW (avg. 19.475175857543945)
[11Jul2024 00:13:46.982] [Server thread/INFO] [APTweaks(Core)/]: [APTweaks:Core] ↑ Server load changed from VERY_LOW (avg. 19.938810348510742) to LOW (avg. 21.97268295288086)
[11Jul2024 00:14:16.802] [Server thread/INFO] [net.minecraft.server.MinecraftServer/]: narum0000 has completed the challenge [Soul Eater]
[11Jul2024 00:14:29.345] [Server thread/WARN] [net.minecraft.server.MinecraftServer/]: Can't keep up! Is the server overloaded? Running 5563ms or 111 ticks behind
[11Jul2024 00:14:30.032] [Server thread/INFO] [APTweaks(Core)/]: [APTweaks:Core] ↑ Server load changed from LOW (avg. 21.207996368408203) to VERY_HIGH (avg. 68.28820037841797)
[11Jul2024 00:14:31.282] [Server thread/INFO] [APTweaks(Core)/]: [APTweaks:Core] ↓ Level load for minecraft:overworld changed from NORMAL (avg. 35.328290439999996) to LOW (avg. 17.57910971)
[11Jul2024 00:14:45.032] [Server thread/INFO] [APTweaks(Core)/]: [APTweaks:Core] ↓ Server load changed from VERY_HIGH (avg. 68.28820037841797) to LOW (avg. 21.52080535888672)
[11Jul2024 00:20:06.976] [Server thread/INFO] [net.minecraft.server.MinecraftServer/]: [Alphabeath: Teleported Alphabeath to narum0000]
[11Jul2024 00:20:22.532] [Server thread/INFO] [APTweaks(Core)/]: [APTweaks:Core] ↓ Server load changed from LOW (avg. 20.981536865234375) to VERY_LOW (avg. 15.584571838378906)
[11Jul2024 00:20:52.555] [Server thread/INFO] [APTweaks(Core)/]: [APTweaks:Core] ↑ Server load changed from VERY_LOW (avg. 17.61177635192871) to LOW (avg. 37.71036911010742)
